<?xml version="1.0" encoding="UTF-8"?>
<testng-results total="18" passed="11" failed="7" skipped="0">
  <reporter-output>
  </reporter-output>
  <suite started-at="2025-04-02T09:36:02Z" name="Suite" finished-at="2025-04-02T09:41:48Z" duration-ms="346563">
    <groups>
    </groups>
    <test started-at="2025-04-02T09:36:02Z" name="Test" finished-at="2025-04-02T09:41:48Z" duration-ms="346563">
      <class name="RegisterFunctionality.TC_RF_004">
        <test-method is-config="true" signature="setUp(java.lang.reflect.Method)[pri:0, instance:RegisterFunctionality.TC_RF_004@72cc7e6f]" started-at="2025-04-02T15:06:15Z" name="setUp" finished-at="2025-04-02T15:06:37Z" duration-ms="22239" status="PASS">
          <params>
            <param index="0">
              <value>
                <![CDATA[public void RegisterFunctionality.TC_RF_004.ValidateProperErrorMsgDisplayedForEmptyFields()]]>
              </value>
            </param>
          </params>
          <reporter-output>
          </reporter-output>
        </test-method> <!-- setUp -->
        <test-method signature="ValidateProperErrorMsgDisplayedForEmptyFields()[pri:0, instance:RegisterFunctionality.TC_RF_004@72cc7e6f]" started-at="2025-04-02T15:06:37Z" name="ValidateProperErrorMsgDisplayedForEmptyFields" finished-at="2025-04-02T15:06:40Z" duration-ms="3314" status="PASS">
          <reporter-output>
          </reporter-output>
        </test-method> <!-- ValidateProperErrorMsgDisplayedForEmptyFields -->
        <test-method is-config="true" signature="teardown()[pri:0, instance:RegisterFunctionality.TC_RF_004@72cc7e6f]" started-at="2025-04-02T15:06:40Z" name="teardown" finished-at="2025-04-02T15:06:41Z" duration-ms="494" status="PASS">
          <reporter-output>
          </reporter-output>
        </test-method> <!-- teardown -->
      </class> <!-- RegisterFunctionality.TC_RF_004 -->
      <class name="RegisterFunctionality.TC_RF_015">
        <test-method is-config="true" signature="setUp(java.lang.reflect.Method)[pri:0, instance:RegisterFunctionality.TC_RF_015@2cb4893b]" started-at="2025-04-02T15:10:19Z" name="setUp" finished-at="2025-04-02T15:10:31Z" duration-ms="12072" status="PASS">
          <params>
            <param index="0">
              <value>
                <![CDATA[public void RegisterFunctionality.TC_RF_015.VerifyTheDetailsThatAreProvidedWhileRegisteringAnAccountAreStoredInTheDatabase()]]>
              </value>
            </param>
          </params>
          <reporter-output>
          </reporter-output>
        </test-method> <!-- setUp -->
        <test-method signature="VerifyTheDetailsThatAreProvidedWhileRegisteringAnAccountAreStoredInTheDatabase()[pri:0, instance:RegisterFunctionality.TC_RF_015@2cb4893b]" started-at="2025-04-02T15:10:31Z" name="VerifyTheDetailsThatAreProvidedWhileRegisteringAnAccountAreStoredInTheDatabase" finished-at="2025-04-02T15:10:31Z" duration-ms="2" status="PASS">
          <reporter-output>
          </reporter-output>
        </test-method> <!-- VerifyTheDetailsThatAreProvidedWhileRegisteringAnAccountAreStoredInTheDatabase -->
        <test-method is-config="true" signature="teardown()[pri:0, instance:RegisterFunctionality.TC_RF_015@2cb4893b]" started-at="2025-04-02T15:10:31Z" name="teardown" finished-at="2025-04-02T15:10:32Z" duration-ms="390" status="PASS">
          <reporter-output>
          </reporter-output>
        </test-method> <!-- teardown -->
      </class> <!-- RegisterFunctionality.TC_RF_015 -->
      <class name="RegisterFunctionality.TC_RF_014">
        <test-method is-config="true" signature="setUp(java.lang.reflect.Method)[pri:0, instance:RegisterFunctionality.TC_RF_014@5e2c3d18]" started-at="2025-04-02T15:10:01Z" name="setUp" finished-at="2025-04-02T15:10:16Z" duration-ms="15428" status="PASS">
          <params>
            <param index="0">
              <value>
                <![CDATA[public void RegisterFunctionality.TC_RF_014.VerifyAllTheMandatoryFieldsInTheRegisterAccountPageAreMarkedWithRedColorSymbol()]]>
              </value>
            </param>
          </params>
          <reporter-output>
          </reporter-output>
        </test-method> <!-- setUp -->
        <test-method signature="VerifyAllTheMandatoryFieldsInTheRegisterAccountPageAreMarkedWithRedColorSymbol()[pri:0, instance:RegisterFunctionality.TC_RF_014@5e2c3d18]" started-at="2025-04-02T15:10:16Z" name="VerifyAllTheMandatoryFieldsInTheRegisterAccountPageAreMarkedWithRedColorSymbol" finished-at="2025-04-02T15:10:19Z" duration-ms="2585" status="FAIL">
          <exception class="java.lang.AssertionError">
            <message>
              <![CDATA[expected ["* "] but found [none]]]>
            </message>
            <full-stacktrace>
              <![CDATA[java.lang.AssertionError: expected ["* "] but found [none]
	at org.testng.Assert.fail(Assert.java:94)
	at org.testng.Assert.failNotEquals(Assert.java:513)
	at org.testng.Assert.assertEqualsImpl(Assert.java:135)
	at org.testng.Assert.assertEquals(Assert.java:116)
	at org.testng.Assert.assertEquals(Assert.java:190)
	at org.testng.Assert.assertEquals(Assert.java:200)
	at RegisterFunctionality.TC_RF_014.VerifyAllTheMandatoryFieldsInTheRegisterAccountPageAreMarkedWithRedColorSymbol(TC_RF_014.java:65)
	at java.base/jdk.internal.reflect.NativeMethodAccessorImpl.invoke0(Native Method)
	at java.base/jdk.internal.reflect.NativeMethodAccessorImpl.invoke(NativeMethodAccessorImpl.java:77)
	at java.base/jdk.internal.reflect.DelegatingMethodAccessorImpl.invoke(DelegatingMethodAccessorImpl.java:43)
	at java.base/java.lang.reflect.Method.invoke(Method.java:568)
	at org.testng.internal.MethodInvocationHelper.invokeMethod(MethodInvocationHelper.java:86)
	at org.testng.internal.Invoker.invokeMethod(Invoker.java:643)
	at org.testng.internal.Invoker.invokeTestMethod(Invoker.java:820)
	at org.testng.internal.Invoker.invokeTestMethods(Invoker.java:1128)
	at org.testng.internal.TestMethodWorker.invokeTestMethods(TestMethodWorker.java:129)
	at org.testng.internal.TestMethodWorker.run(TestMethodWorker.java:112)
	at org.testng.TestRunner.privateRun(TestRunner.java:782)
	at org.testng.TestRunner.run(TestRunner.java:632)
	at org.testng.SuiteRunner.runTest(SuiteRunner.java:366)
	at org.testng.SuiteRunner.runSequentially(SuiteRunner.java:361)
	at org.testng.SuiteRunner.privateRun(SuiteRunner.java:319)
	at org.testng.SuiteRunner.run(SuiteRunner.java:268)
	at org.testng.SuiteRunnerWorker.runSuite(SuiteRunnerWorker.java:52)
	at org.testng.SuiteRunnerWorker.run(SuiteRunnerWorker.java:86)
	at org.testng.TestNG.runSuitesSequentially(TestNG.java:1244)
	at org.testng.TestNG.runSuitesLocally(TestNG.java:1169)
	at org.testng.TestNG.run(TestNG.java:1064)
	at org.testng.remote.AbstractRemoteTestNG.run(AbstractRemoteTestNG.java:132)
	at org.testng.remote.RemoteTestNG.initAndRun(RemoteTestNG.java:230)
	at org.testng.remote.RemoteTestNG.main(RemoteTestNG.java:76)
]]>
            </full-stacktrace>
          </exception> <!-- java.lang.AssertionError -->
          <reporter-output>
          </reporter-output>
        </test-method> <!-- VerifyAllTheMandatoryFieldsInTheRegisterAccountPageAreMarkedWithRedColorSymbol -->
        <test-method is-config="true" signature="teardown()[pri:0, instance:RegisterFunctionality.TC_RF_014@5e2c3d18]" started-at="2025-04-02T15:10:19Z" name="teardown" finished-at="2025-04-02T15:10:19Z" duration-ms="516" status="PASS">
          <reporter-output>
          </reporter-output>
        </test-method> <!-- teardown -->
      </class> <!-- RegisterFunctionality.TC_RF_014 -->
      <class name="RegisterFunctionality.TC_RF_013">
        <test-method is-config="true" signature="setUp(java.lang.reflect.Method)[pri:0, instance:RegisterFunctionality.TC_RF_013@7a35b0f5]" started-at="2025-04-02T15:09:49Z" name="setUp" finished-at="2025-04-02T15:09:58Z" duration-ms="8499" status="PASS">
          <params>
            <param index="0">
              <value>
                <![CDATA[public void RegisterFunctionality.TC_RF_013.VerifyAllTheFieldsInTheRegisterAccountPageHaveTheProperPlaceholders()]]>
              </value>
            </param>
          </params>
          <reporter-output>
          </reporter-output>
        </test-method> <!-- setUp -->
        <test-method signature="VerifyAllTheFieldsInTheRegisterAccountPageHaveTheProperPlaceholders()[pri:0, instance:RegisterFunctionality.TC_RF_013@7a35b0f5]" started-at="2025-04-02T15:09:58Z" name="VerifyAllTheFieldsInTheRegisterAccountPageHaveTheProperPlaceholders" finished-at="2025-04-02T15:10:00Z" duration-ms="2086" status="PASS">
          <reporter-output>
          </reporter-output>
        </test-method> <!-- VerifyAllTheFieldsInTheRegisterAccountPageHaveTheProperPlaceholders -->
        <test-method is-config="true" signature="teardown()[pri:0, instance:RegisterFunctionality.TC_RF_013@7a35b0f5]" started-at="2025-04-02T15:10:00Z" name="teardown" finished-at="2025-04-02T15:10:01Z" duration-ms="724" status="PASS">
          <reporter-output>
          </reporter-output>
        </test-method> <!-- teardown -->
      </class> <!-- RegisterFunctionality.TC_RF_013 -->
      <class name="RegisterFunctionality.TC_RF_001">
        <test-method is-config="true" signature="setUp(java.lang.reflect.Method)[pri:0, instance:RegisterFunctionality.TC_RF_001@5f049ea1]" started-at="2025-04-02T15:06:02Z" name="setUp" finished-at="2025-04-02T15:06:10Z" duration-ms="8702" status="PASS">
          <params>
            <param index="0">
              <value>
                <![CDATA[public void RegisterFunctionality.TC_RF_001.ValidateRegisteringAnAccoiuntByFillingMandatoryFields()]]>
              </value>
            </param>
          </params>
          <reporter-output>
          </reporter-output>
        </test-method> <!-- setUp -->
        <test-method signature="ValidateRegisteringAnAccoiuntByFillingMandatoryFields()[pri:0, instance:RegisterFunctionality.TC_RF_001@5f049ea1]" started-at="2025-04-02T15:06:10Z" name="ValidateRegisteringAnAccoiuntByFillingMandatoryFields" finished-at="2025-04-02T15:06:15Z" duration-ms="4435" status="PASS">
          <reporter-output>
          </reporter-output>
        </test-method> <!-- ValidateRegisteringAnAccoiuntByFillingMandatoryFields -->
        <test-method is-config="true" signature="teardown()[pri:0, instance:RegisterFunctionality.TC_RF_001@5f049ea1]" started-at="2025-04-02T15:06:15Z" name="teardown" finished-at="2025-04-02T15:06:15Z" duration-ms="0" status="PASS">
          <reporter-output>
          </reporter-output>
        </test-method> <!-- teardown -->
      </class> <!-- RegisterFunctionality.TC_RF_001 -->
      <class name="RegisterFunctionality.TC_RF_012">
        <test-method is-config="true" signature="setUp(java.lang.reflect.Method)[pri:0, instance:RegisterFunctionality.TC_RF_012@68c9133c]" started-at="2025-04-02T15:09:32Z" name="setUp" finished-at="2025-04-02T15:09:39Z" duration-ms="6919" status="PASS">
          <params>
            <param index="0">
              <value>
                <![CDATA[public void RegisterFunctionality.TC_RF_012.VerifyRegisteringAnAccountByUsingTheKeyboardKeys()]]>
              </value>
            </param>
          </params>
          <reporter-output>
          </reporter-output>
        </test-method> <!-- setUp -->
        <test-method signature="VerifyRegisteringAnAccountByUsingTheKeyboardKeys()[pri:0, instance:RegisterFunctionality.TC_RF_012@68c9133c]" started-at="2025-04-02T15:09:39Z" name="VerifyRegisteringAnAccountByUsingTheKeyboardKeys" finished-at="2025-04-02T15:09:49Z" duration-ms="10096" status="PASS">
          <reporter-output>
          </reporter-output>
        </test-method> <!-- VerifyRegisteringAnAccountByUsingTheKeyboardKeys -->
        <test-method is-config="true" signature="teardown()[pri:0, instance:RegisterFunctionality.TC_RF_012@68c9133c]" started-at="2025-04-02T15:09:49Z" name="teardown" finished-at="2025-04-02T15:09:49Z" duration-ms="664" status="PASS">
          <reporter-output>
          </reporter-output>
        </test-method> <!-- teardown -->
      </class> <!-- RegisterFunctionality.TC_RF_012 -->
      <class name="RegisterFunctionality.TC_RF_008">
        <test-method is-config="true" signature="setUp(java.lang.reflect.Method)[pri:0, instance:RegisterFunctionality.TC_RF_008@18271936]" started-at="2025-04-02T15:07:53Z" name="setUp" finished-at="2025-04-02T15:08:06Z" duration-ms="13250" status="PASS">
          <params>
            <param index="0">
              <value>
                <![CDATA[public void RegisterFunctionality.TC_RF_008.ValidateRegisteringAnAccountByEnteringDifferentPasswordsIntoPasswordAndPasswordConfirmFields()]]>
              </value>
            </param>
          </params>
          <reporter-output>
          </reporter-output>
        </test-method> <!-- setUp -->
        <test-method signature="ValidateRegisteringAnAccountByEnteringDifferentPasswordsIntoPasswordAndPasswordConfirmFields()[pri:0, instance:RegisterFunctionality.TC_RF_008@18271936]" started-at="2025-04-02T15:08:06Z" name="ValidateRegisteringAnAccountByEnteringDifferentPasswordsIntoPasswordAndPasswordConfirmFields" finished-at="2025-04-02T15:08:10Z" duration-ms="4175" status="PASS">
          <reporter-output>
          </reporter-output>
        </test-method> <!-- ValidateRegisteringAnAccountByEnteringDifferentPasswordsIntoPasswordAndPasswordConfirmFields -->
        <test-method is-config="true" signature="teardown()[pri:0, instance:RegisterFunctionality.TC_RF_008@18271936]" started-at="2025-04-02T15:08:10Z" name="teardown" finished-at="2025-04-02T15:08:11Z" duration-ms="510" status="PASS">
          <reporter-output>
          </reporter-output>
        </test-method> <!-- teardown -->
      </class> <!-- RegisterFunctionality.TC_RF_008 -->
      <class name="RegisterFunctionality.TC_RF_007">
        <test-method signature="ValidateDifferentWaysOfNavigatingToRegisterAccountPage()[pri:0, instance:RegisterFunctionality.TC_RF_007@909217e]" started-at="2025-04-02T15:07:24Z" name="ValidateDifferentWaysOfNavigatingToRegisterAccountPage" finished-at="2025-04-02T15:07:53Z" duration-ms="28321" status="PASS">
          <reporter-output>
          </reporter-output>
        </test-method> <!-- ValidateDifferentWaysOfNavigatingToRegisterAccountPage -->
      </class> <!-- RegisterFunctionality.TC_RF_007 -->
      <class name="RegisterFunctionality.TC_RF_017">
        <test-method is-config="true" signature="setUp(java.lang.reflect.Method)[pri:0, instance:RegisterFunctionality.TC_RF_017@5b218417]" started-at="2025-04-02T15:10:49Z" name="setUp" finished-at="2025-04-02T15:11:07Z" duration-ms="17670" status="PASS">
          <params>
            <param index="0">
              <value>
                <![CDATA[public void RegisterFunctionality.TC_RF_017.VerifyWhetherThePasswordFieldsInTheRegisterAccountPageAreFollowingPasswordComplexityStandards(java.lang.String)]]>
              </value>
            </param>
          </params>
          <reporter-output>
          </reporter-output>
        </test-method> <!-- setUp -->
        <test-method signature="VerifyWhetherThePasswordFieldsInTheRegisterAccountPageAreFollowingPasswordComplexityStandards(java.lang.String)[pri:0, instance:RegisterFunctionality.TC_RF_017@5b218417]" started-at="2025-04-02T15:11:07Z" name="VerifyWhetherThePasswordFieldsInTheRegisterAccountPageAreFollowingPasswordComplexityStandards" data-provider="MultiplePasswords" finished-at="2025-04-02T15:11:09Z" duration-ms="2870" status="FAIL">
          <params>
            <param index="0">
              <value>
                <![CDATA[12345]]>
              </value>
            </param>
          </params>
          <exception class="org.openqa.selenium.InvalidSelectorException">
            <message>
              <![CDATA[invalid selector: Unable to locate an element with the xpath expression //input[@id='input-password]/following-sibling::div because of the following error:
SyntaxError: Failed to execute 'evaluate' on 'Document': The string '//input[@id='input-password]/following-sibling::div' is not a valid XPath expression.
  (Session info: MicrosoftEdge=134.0.3124.93)
For documentation on this error, please visit: https://selenium.dev/exceptions/#invalid_selector_exception
Build info: version: '4.0.0-alpha-7', revision: 'de8579b6d5'
System info: host: 'TVMATP567799L', ip: '192.168.48.252', os.name: 'Windows 11', os.arch: 'amd64', os.version: '10.0', java.version: '17.0.2'
Driver info: org.openqa.selenium.edge.EdgeDriver
Capabilities {acceptInsecureCerts: false, browserName: MicrosoftEdge, browserVersion: 134.0.3124.93, fedcm:accounts: true, javascriptEnabled: true, ms:edgeOptions: {debuggerAddress: localhost:55577}, msedge: {msedgedriverVersion: 134.0.3124.85 (4b32110e83d3..., userDataDir: C:\Users\mukesh.ganivada\Ap...}, networkConnectionEnabled: false, pageLoadStrategy: normal, platform: WINDOWS, platformName: WINDOWS, proxy: Proxy(), setWindowRect: true, strictFileInteractability: false, timeouts: {implicit: 0, pageLoad: 300000, script: 30000}, unhandledPromptBehavior: dismiss and notify, webauthn:extension:credBlob: true, webauthn:extension:largeBlob: true, webauthn:extension:minPinLength: true, webauthn:extension:prf: true, webauthn:virtualAuthenticators: true}
Session ID: 7aace59f0c2238ee29ed347c7ce2e72d
*** Element info: {Using=xpath, value=//input[@id='input-password]/following-sibling::div}]]>
            </message>
            <full-stacktrace>
              <![CDATA[org.openqa.selenium.InvalidSelectorException: invalid selector: Unable to locate an element with the xpath expression //input[@id='input-password]/following-sibling::div because of the following error:
SyntaxError: Failed to execute 'evaluate' on 'Document': The string '//input[@id='input-password]/following-sibling::div' is not a valid XPath expression.
  (Session info: MicrosoftEdge=134.0.3124.93)
For documentation on this error, please visit: https://selenium.dev/exceptions/#invalid_selector_exception
Build info: version: '4.0.0-alpha-7', revision: 'de8579b6d5'
System info: host: 'TVMATP567799L', ip: '192.168.48.252', os.name: 'Windows 11', os.arch: 'amd64', os.version: '10.0', java.version: '17.0.2'
Driver info: org.openqa.selenium.edge.EdgeDriver
Capabilities {acceptInsecureCerts: false, browserName: MicrosoftEdge, browserVersion: 134.0.3124.93, fedcm:accounts: true, javascriptEnabled: true, ms:edgeOptions: {debuggerAddress: localhost:55577}, msedge: {msedgedriverVersion: 134.0.3124.85 (4b32110e83d3..., userDataDir: C:\Users\mukesh.ganivada\Ap...}, networkConnectionEnabled: false, pageLoadStrategy: normal, platform: WINDOWS, platformName: WINDOWS, proxy: Proxy(), setWindowRect: true, strictFileInteractability: false, timeouts: {implicit: 0, pageLoad: 300000, script: 30000}, unhandledPromptBehavior: dismiss and notify, webauthn:extension:credBlob: true, webauthn:extension:largeBlob: true, webauthn:extension:minPinLength: true, webauthn:extension:prf: true, webauthn:virtualAuthenticators: true}
Session ID: 7aace59f0c2238ee29ed347c7ce2e72d
*** Element info: {Using=xpath, value=//input[@id='input-password]/following-sibling::div}
	at java.base/jdk.internal.reflect.NativeConstructorAccessorImpl.newInstance0(Native Method)
	at java.base/jdk.internal.reflect.NativeConstructorAccessorImpl.newInstance(NativeConstructorAccessorImpl.java:77)
	at java.base/jdk.internal.reflect.DelegatingConstructorAccessorImpl.newInstance(DelegatingConstructorAccessorImpl.java:45)
	at java.base/java.lang.reflect.Constructor.newInstanceWithCaller(Constructor.java:499)
	at java.base/java.lang.reflect.Constructor.newInstance(Constructor.java:480)
	at org.openqa.selenium.remote.codec.w3c.W3CHttpResponseCodec.createException(W3CHttpResponseCodec.java:196)
	at org.openqa.selenium.remote.codec.w3c.W3CHttpResponseCodec.decode(W3CHttpResponseCodec.java:129)
	at org.openqa.selenium.remote.codec.w3c.W3CHttpResponseCodec.decode(W3CHttpResponseCodec.java:53)
	at org.openqa.selenium.remote.HttpCommandExecutor.execute(HttpCommandExecutor.java:167)
	at org.openqa.selenium.remote.service.DriverCommandExecutor.execute(DriverCommandExecutor.java:123)
	at org.openqa.selenium.remote.RemoteWebDriver.execute(RemoteWebDriver.java:501)
	at org.openqa.selenium.remote.RemoteWebDriver.findElement(RemoteWebDriver.java:332)
	at org.openqa.selenium.By$ByXPath.findElement(By.java:379)
	at org.openqa.selenium.remote.RemoteWebDriver.findElement(RemoteWebDriver.java:312)
	at RegisterFunctionality.TC_RF_017.VerifyWhetherThePasswordFieldsInTheRegisterAccountPageAreFollowingPasswordComplexityStandards(TC_RF_017.java:34)
	at java.base/jdk.internal.reflect.NativeMethodAccessorImpl.invoke0(Native Method)
	at java.base/jdk.internal.reflect.NativeMethodAccessorImpl.invoke(NativeMethodAccessorImpl.java:77)
	at java.base/jdk.internal.reflect.DelegatingMethodAccessorImpl.invoke(DelegatingMethodAccessorImpl.java:43)
	at java.base/java.lang.reflect.Method.invoke(Method.java:568)
	at org.testng.internal.MethodInvocationHelper.invokeMethod(MethodInvocationHelper.java:86)
	at org.testng.internal.Invoker.invokeMethod(Invoker.java:643)
	at org.testng.internal.Invoker.invokeTestMethod(Invoker.java:820)
	at org.testng.internal.Invoker.invokeTestMethods(Invoker.java:1128)
	at org.testng.internal.TestMethodWorker.invokeTestMethods(TestMethodWorker.java:129)
	at org.testng.internal.TestMethodWorker.run(TestMethodWorker.java:112)
	at org.testng.TestRunner.privateRun(TestRunner.java:782)
	at org.testng.TestRunner.run(TestRunner.java:632)
	at org.testng.SuiteRunner.runTest(SuiteRunner.java:366)
	at org.testng.SuiteRunner.runSequentially(SuiteRunner.java:361)
	at org.testng.SuiteRunner.privateRun(SuiteRunner.java:319)
	at org.testng.SuiteRunner.run(SuiteRunner.java:268)
	at org.testng.SuiteRunnerWorker.runSuite(SuiteRunnerWorker.java:52)
	at org.testng.SuiteRunnerWorker.run(SuiteRunnerWorker.java:86)
	at org.testng.TestNG.runSuitesSequentially(TestNG.java:1244)
	at org.testng.TestNG.runSuitesLocally(TestNG.java:1169)
	at org.testng.TestNG.run(TestNG.java:1064)
	at org.testng.remote.AbstractRemoteTestNG.run(AbstractRemoteTestNG.java:132)
	at org.testng.remote.RemoteTestNG.initAndRun(RemoteTestNG.java:230)
	at org.testng.remote.RemoteTestNG.main(RemoteTestNG.java:76)
]]>
            </full-stacktrace>
          </exception> <!-- org.openqa.selenium.InvalidSelectorException -->
          <reporter-output>
          </reporter-output>
        </test-method> <!-- VerifyWhetherThePasswordFieldsInTheRegisterAccountPageAreFollowingPasswordComplexityStandards -->
        <test-method is-config="true" signature="teardown()[pri:0, instance:RegisterFunctionality.TC_RF_017@5b218417]" started-at="2025-04-02T15:11:09Z" name="teardown" finished-at="2025-04-02T15:11:10Z" duration-ms="452" status="PASS">
          <reporter-output>
          </reporter-output>
        </test-method> <!-- teardown -->
        <test-method is-config="true" signature="setUp(java.lang.reflect.Method)[pri:0, instance:RegisterFunctionality.TC_RF_017@5b218417]" started-at="2025-04-02T15:11:10Z" name="setUp" finished-at="2025-04-02T15:11:22Z" duration-ms="11844" status="PASS">
          <params>
            <param index="0">
              <value>
                <![CDATA[public void RegisterFunctionality.TC_RF_017.VerifyWhetherThePasswordFieldsInTheRegisterAccountPageAreFollowingPasswordComplexityStandards(java.lang.String)]]>
              </value>
            </param>
          </params>
          <reporter-output>
          </reporter-output>
        </test-method> <!-- setUp -->
        <test-method signature="VerifyWhetherThePasswordFieldsInTheRegisterAccountPageAreFollowingPasswordComplexityStandards(java.lang.String)[pri:0, instance:RegisterFunctionality.TC_RF_017@5b218417]" started-at="2025-04-02T15:11:22Z" name="VerifyWhetherThePasswordFieldsInTheRegisterAccountPageAreFollowingPasswordComplexityStandards" data-provider="MultiplePasswords" finished-at="2025-04-02T15:11:25Z" duration-ms="3444" status="FAIL">
          <params>
            <param index="0">
              <value>
                <![CDATA[ASSSS@]]>
              </value>
            </param>
          </params>
          <exception class="org.openqa.selenium.InvalidSelectorException">
            <message>
              <![CDATA[invalid selector: Unable to locate an element with the xpath expression //input[@id='input-password]/following-sibling::div because of the following error:
SyntaxError: Failed to execute 'evaluate' on 'Document': The string '//input[@id='input-password]/following-sibling::div' is not a valid XPath expression.
  (Session info: MicrosoftEdge=134.0.3124.93)
For documentation on this error, please visit: https://selenium.dev/exceptions/#invalid_selector_exception
Build info: version: '4.0.0-alpha-7', revision: 'de8579b6d5'
System info: host: 'TVMATP567799L', ip: '192.168.48.252', os.name: 'Windows 11', os.arch: 'amd64', os.version: '10.0', java.version: '17.0.2'
Driver info: org.openqa.selenium.edge.EdgeDriver
Capabilities {acceptInsecureCerts: false, browserName: MicrosoftEdge, browserVersion: 134.0.3124.93, fedcm:accounts: true, javascriptEnabled: true, ms:edgeOptions: {debuggerAddress: localhost:55694}, msedge: {msedgedriverVersion: 134.0.3124.85 (4b32110e83d3..., userDataDir: C:\Users\mukesh.ganivada\Ap...}, networkConnectionEnabled: false, pageLoadStrategy: normal, platform: WINDOWS, platformName: WINDOWS, proxy: Proxy(), setWindowRect: true, strictFileInteractability: false, timeouts: {implicit: 0, pageLoad: 300000, script: 30000}, unhandledPromptBehavior: dismiss and notify, webauthn:extension:credBlob: true, webauthn:extension:largeBlob: true, webauthn:extension:minPinLength: true, webauthn:extension:prf: true, webauthn:virtualAuthenticators: true}
Session ID: 0ab80a15b1849f405a8d75bbb631e2bd
*** Element info: {Using=xpath, value=//input[@id='input-password]/following-sibling::div}]]>
            </message>
            <full-stacktrace>
              <![CDATA[org.openqa.selenium.InvalidSelectorException: invalid selector: Unable to locate an element with the xpath expression //input[@id='input-password]/following-sibling::div because of the following error:
SyntaxError: Failed to execute 'evaluate' on 'Document': The string '//input[@id='input-password]/following-sibling::div' is not a valid XPath expression.
  (Session info: MicrosoftEdge=134.0.3124.93)
For documentation on this error, please visit: https://selenium.dev/exceptions/#invalid_selector_exception
Build info: version: '4.0.0-alpha-7', revision: 'de8579b6d5'
System info: host: 'TVMATP567799L', ip: '192.168.48.252', os.name: 'Windows 11', os.arch: 'amd64', os.version: '10.0', java.version: '17.0.2'
Driver info: org.openqa.selenium.edge.EdgeDriver
Capabilities {acceptInsecureCerts: false, browserName: MicrosoftEdge, browserVersion: 134.0.3124.93, fedcm:accounts: true, javascriptEnabled: true, ms:edgeOptions: {debuggerAddress: localhost:55694}, msedge: {msedgedriverVersion: 134.0.3124.85 (4b32110e83d3..., userDataDir: C:\Users\mukesh.ganivada\Ap...}, networkConnectionEnabled: false, pageLoadStrategy: normal, platform: WINDOWS, platformName: WINDOWS, proxy: Proxy(), setWindowRect: true, strictFileInteractability: false, timeouts: {implicit: 0, pageLoad: 300000, script: 30000}, unhandledPromptBehavior: dismiss and notify, webauthn:extension:credBlob: true, webauthn:extension:largeBlob: true, webauthn:extension:minPinLength: true, webauthn:extension:prf: true, webauthn:virtualAuthenticators: true}
Session ID: 0ab80a15b1849f405a8d75bbb631e2bd
*** Element info: {Using=xpath, value=//input[@id='input-password]/following-sibling::div}
	at java.base/jdk.internal.reflect.NativeConstructorAccessorImpl.newInstance0(Native Method)
	at java.base/jdk.internal.reflect.NativeConstructorAccessorImpl.newInstance(NativeConstructorAccessorImpl.java:77)
	at java.base/jdk.internal.reflect.DelegatingConstructorAccessorImpl.newInstance(DelegatingConstructorAccessorImpl.java:45)
	at java.base/java.lang.reflect.Constructor.newInstanceWithCaller(Constructor.java:499)
	at java.base/java.lang.reflect.Constructor.newInstance(Constructor.java:480)
	at org.openqa.selenium.remote.codec.w3c.W3CHttpResponseCodec.createException(W3CHttpResponseCodec.java:196)
	at org.openqa.selenium.remote.codec.w3c.W3CHttpResponseCodec.decode(W3CHttpResponseCodec.java:129)
	at org.openqa.selenium.remote.codec.w3c.W3CHttpResponseCodec.decode(W3CHttpResponseCodec.java:53)
	at org.openqa.selenium.remote.HttpCommandExecutor.execute(HttpCommandExecutor.java:167)
	at org.openqa.selenium.remote.service.DriverCommandExecutor.execute(DriverCommandExecutor.java:123)
	at org.openqa.selenium.remote.RemoteWebDriver.execute(RemoteWebDriver.java:501)
	at org.openqa.selenium.remote.RemoteWebDriver.findElement(RemoteWebDriver.java:332)
	at org.openqa.selenium.By$ByXPath.findElement(By.java:379)
	at org.openqa.selenium.remote.RemoteWebDriver.findElement(RemoteWebDriver.java:312)
	at RegisterFunctionality.TC_RF_017.VerifyWhetherThePasswordFieldsInTheRegisterAccountPageAreFollowingPasswordComplexityStandards(TC_RF_017.java:34)
	at java.base/jdk.internal.reflect.NativeMethodAccessorImpl.invoke0(Native Method)
	at java.base/jdk.internal.reflect.NativeMethodAccessorImpl.invoke(NativeMethodAccessorImpl.java:77)
	at java.base/jdk.internal.reflect.DelegatingMethodAccessorImpl.invoke(DelegatingMethodAccessorImpl.java:43)
	at java.base/java.lang.reflect.Method.invoke(Method.java:568)
	at org.testng.internal.MethodInvocationHelper.invokeMethod(MethodInvocationHelper.java:86)
	at org.testng.internal.Invoker.invokeMethod(Invoker.java:643)
	at org.testng.internal.Invoker.invokeTestMethod(Invoker.java:820)
	at org.testng.internal.Invoker.invokeTestMethods(Invoker.java:1128)
	at org.testng.internal.TestMethodWorker.invokeTestMethods(TestMethodWorker.java:129)
	at org.testng.internal.TestMethodWorker.run(TestMethodWorker.java:112)
	at org.testng.TestRunner.privateRun(TestRunner.java:782)
	at org.testng.TestRunner.run(TestRunner.java:632)
	at org.testng.SuiteRunner.runTest(SuiteRunner.java:366)
	at org.testng.SuiteRunner.runSequentially(SuiteRunner.java:361)
	at org.testng.SuiteRunner.privateRun(SuiteRunner.java:319)
	at org.testng.SuiteRunner.run(SuiteRunner.java:268)
	at org.testng.SuiteRunnerWorker.runSuite(SuiteRunnerWorker.java:52)
	at org.testng.SuiteRunnerWorker.run(SuiteRunnerWorker.java:86)
	at org.testng.TestNG.runSuitesSequentially(TestNG.java:1244)
	at org.testng.TestNG.runSuitesLocally(TestNG.java:1169)
	at org.testng.TestNG.run(TestNG.java:1064)
	at org.testng.remote.AbstractRemoteTestNG.run(AbstractRemoteTestNG.java:132)
	at org.testng.remote.RemoteTestNG.initAndRun(RemoteTestNG.java:230)
	at org.testng.remote.RemoteTestNG.main(RemoteTestNG.java:76)
]]>
            </full-stacktrace>
          </exception> <!-- org.openqa.selenium.InvalidSelectorException -->
          <reporter-output>
          </reporter-output>
        </test-method> <!-- VerifyWhetherThePasswordFieldsInTheRegisterAccountPageAreFollowingPasswordComplexityStandards -->
        <test-method is-config="true" signature="teardown()[pri:0, instance:RegisterFunctionality.TC_RF_017@5b218417]" started-at="2025-04-02T15:11:25Z" name="teardown" finished-at="2025-04-02T15:11:26Z" duration-ms="691" status="PASS">
          <reporter-output>
          </reporter-output>
        </test-method> <!-- teardown -->
        <test-method is-config="true" signature="setUp(java.lang.reflect.Method)[pri:0, instance:RegisterFunctionality.TC_RF_017@5b218417]" started-at="2025-04-02T15:11:26Z" name="setUp" finished-at="2025-04-02T15:11:34Z" duration-ms="7752" status="PASS">
          <params>
            <param index="0">
              <value>
                <![CDATA[public void RegisterFunctionality.TC_RF_017.VerifyWhetherThePasswordFieldsInTheRegisterAccountPageAreFollowingPasswordComplexityStandards(java.lang.String)]]>
              </value>
            </param>
          </params>
          <reporter-output>
          </reporter-output>
        </test-method> <!-- setUp -->
        <test-method signature="VerifyWhetherThePasswordFieldsInTheRegisterAccountPageAreFollowingPasswordComplexityStandards(java.lang.String)[pri:0, instance:RegisterFunctionality.TC_RF_017@5b218417]" started-at="2025-04-02T15:11:34Z" name="VerifyWhetherThePasswordFieldsInTheRegisterAccountPageAreFollowingPasswordComplexityStandards" data-provider="MultiplePasswords" finished-at="2025-04-02T15:11:36Z" duration-ms="2797" status="FAIL">
          <params>
            <param index="0">
              <value>
                <![CDATA[SNSKJNK@]]>
              </value>
            </param>
          </params>
          <exception class="org.openqa.selenium.InvalidSelectorException">
            <message>
              <![CDATA[invalid selector: Unable to locate an element with the xpath expression //input[@id='input-password]/following-sibling::div because of the following error:
SyntaxError: Failed to execute 'evaluate' on 'Document': The string '//input[@id='input-password]/following-sibling::div' is not a valid XPath expression.
  (Session info: MicrosoftEdge=134.0.3124.93)
For documentation on this error, please visit: https://selenium.dev/exceptions/#invalid_selector_exception
Build info: version: '4.0.0-alpha-7', revision: 'de8579b6d5'
System info: host: 'TVMATP567799L', ip: '192.168.48.252', os.name: 'Windows 11', os.arch: 'amd64', os.version: '10.0', java.version: '17.0.2'
Driver info: org.openqa.selenium.edge.EdgeDriver
Capabilities {acceptInsecureCerts: false, browserName: MicrosoftEdge, browserVersion: 134.0.3124.93, fedcm:accounts: true, javascriptEnabled: true, ms:edgeOptions: {debuggerAddress: localhost:55819}, msedge: {msedgedriverVersion: 134.0.3124.85 (4b32110e83d3..., userDataDir: C:\Users\mukesh.ganivada\Ap...}, networkConnectionEnabled: false, pageLoadStrategy: normal, platform: WINDOWS, platformName: WINDOWS, proxy: Proxy(), setWindowRect: true, strictFileInteractability: false, timeouts: {implicit: 0, pageLoad: 300000, script: 30000}, unhandledPromptBehavior: dismiss and notify, webauthn:extension:credBlob: true, webauthn:extension:largeBlob: true, webauthn:extension:minPinLength: true, webauthn:extension:prf: true, webauthn:virtualAuthenticators: true}
Session ID: ec05178dc84a253790413133bd8f80ad
*** Element info: {Using=xpath, value=//input[@id='input-password]/following-sibling::div}]]>
            </message>
            <full-stacktrace>
              <![CDATA[org.openqa.selenium.InvalidSelectorException: invalid selector: Unable to locate an element with the xpath expression //input[@id='input-password]/following-sibling::div because of the following error:
SyntaxError: Failed to execute 'evaluate' on 'Document': The string '//input[@id='input-password]/following-sibling::div' is not a valid XPath expression.
  (Session info: MicrosoftEdge=134.0.3124.93)
For documentation on this error, please visit: https://selenium.dev/exceptions/#invalid_selector_exception
Build info: version: '4.0.0-alpha-7', revision: 'de8579b6d5'
System info: host: 'TVMATP567799L', ip: '192.168.48.252', os.name: 'Windows 11', os.arch: 'amd64', os.version: '10.0', java.version: '17.0.2'
Driver info: org.openqa.selenium.edge.EdgeDriver
Capabilities {acceptInsecureCerts: false, browserName: MicrosoftEdge, browserVersion: 134.0.3124.93, fedcm:accounts: true, javascriptEnabled: true, ms:edgeOptions: {debuggerAddress: localhost:55819}, msedge: {msedgedriverVersion: 134.0.3124.85 (4b32110e83d3..., userDataDir: C:\Users\mukesh.ganivada\Ap...}, networkConnectionEnabled: false, pageLoadStrategy: normal, platform: WINDOWS, platformName: WINDOWS, proxy: Proxy(), setWindowRect: true, strictFileInteractability: false, timeouts: {implicit: 0, pageLoad: 300000, script: 30000}, unhandledPromptBehavior: dismiss and notify, webauthn:extension:credBlob: true, webauthn:extension:largeBlob: true, webauthn:extension:minPinLength: true, webauthn:extension:prf: true, webauthn:virtualAuthenticators: true}
Session ID: ec05178dc84a253790413133bd8f80ad
*** Element info: {Using=xpath, value=//input[@id='input-password]/following-sibling::div}
	at java.base/jdk.internal.reflect.NativeConstructorAccessorImpl.newInstance0(Native Method)
	at java.base/jdk.internal.reflect.NativeConstructorAccessorImpl.newInstance(NativeConstructorAccessorImpl.java:77)
	at java.base/jdk.internal.reflect.DelegatingConstructorAccessorImpl.newInstance(DelegatingConstructorAccessorImpl.java:45)
	at java.base/java.lang.reflect.Constructor.newInstanceWithCaller(Constructor.java:499)
	at java.base/java.lang.reflect.Constructor.newInstance(Constructor.java:480)
	at org.openqa.selenium.remote.codec.w3c.W3CHttpResponseCodec.createException(W3CHttpResponseCodec.java:196)
	at org.openqa.selenium.remote.codec.w3c.W3CHttpResponseCodec.decode(W3CHttpResponseCodec.java:129)
	at org.openqa.selenium.remote.codec.w3c.W3CHttpResponseCodec.decode(W3CHttpResponseCodec.java:53)
	at org.openqa.selenium.remote.HttpCommandExecutor.execute(HttpCommandExecutor.java:167)
	at org.openqa.selenium.remote.service.DriverCommandExecutor.execute(DriverCommandExecutor.java:123)
	at org.openqa.selenium.remote.RemoteWebDriver.execute(RemoteWebDriver.java:501)
	at org.openqa.selenium.remote.RemoteWebDriver.findElement(RemoteWebDriver.java:332)
	at org.openqa.selenium.By$ByXPath.findElement(By.java:379)
	at org.openqa.selenium.remote.RemoteWebDriver.findElement(RemoteWebDriver.java:312)
	at RegisterFunctionality.TC_RF_017.VerifyWhetherThePasswordFieldsInTheRegisterAccountPageAreFollowingPasswordComplexityStandards(TC_RF_017.java:34)
	at java.base/jdk.internal.reflect.NativeMethodAccessorImpl.invoke0(Native Method)
	at java.base/jdk.internal.reflect.NativeMethodAccessorImpl.invoke(NativeMethodAccessorImpl.java:77)
	at java.base/jdk.internal.reflect.DelegatingMethodAccessorImpl.invoke(DelegatingMethodAccessorImpl.java:43)
	at java.base/java.lang.reflect.Method.invoke(Method.java:568)
	at org.testng.internal.MethodInvocationHelper.invokeMethod(MethodInvocationHelper.java:86)
	at org.testng.internal.Invoker.invokeMethod(Invoker.java:643)
	at org.testng.internal.Invoker.invokeTestMethod(Invoker.java:820)
	at org.testng.internal.Invoker.invokeTestMethods(Invoker.java:1128)
	at org.testng.internal.TestMethodWorker.invokeTestMethods(TestMethodWorker.java:129)
	at org.testng.internal.TestMethodWorker.run(TestMethodWorker.java:112)
	at org.testng.TestRunner.privateRun(TestRunner.java:782)
	at org.testng.TestRunner.run(TestRunner.java:632)
	at org.testng.SuiteRunner.runTest(SuiteRunner.java:366)
	at org.testng.SuiteRunner.runSequentially(SuiteRunner.java:361)
	at org.testng.SuiteRunner.privateRun(SuiteRunner.java:319)
	at org.testng.SuiteRunner.run(SuiteRunner.java:268)
	at org.testng.SuiteRunnerWorker.runSuite(SuiteRunnerWorker.java:52)
	at org.testng.SuiteRunnerWorker.run(SuiteRunnerWorker.java:86)
	at org.testng.TestNG.runSuitesSequentially(TestNG.java:1244)
	at org.testng.TestNG.runSuitesLocally(TestNG.java:1169)
	at org.testng.TestNG.run(TestNG.java:1064)
	at org.testng.remote.AbstractRemoteTestNG.run(AbstractRemoteTestNG.java:132)
	at org.testng.remote.RemoteTestNG.initAndRun(RemoteTestNG.java:230)
	at org.testng.remote.RemoteTestNG.main(RemoteTestNG.java:76)
]]>
            </full-stacktrace>
          </exception> <!-- org.openqa.selenium.InvalidSelectorException -->
          <reporter-output>
          </reporter-output>
        </test-method> <!-- VerifyWhetherThePasswordFieldsInTheRegisterAccountPageAreFollowingPasswordComplexityStandards -->
        <test-method is-config="true" signature="teardown()[pri:0, instance:RegisterFunctionality.TC_RF_017@5b218417]" started-at="2025-04-02T15:11:36Z" name="teardown" finished-at="2025-04-02T15:11:37Z" duration-ms="557" status="PASS">
          <reporter-output>
          </reporter-output>
        </test-method> <!-- teardown -->
        <test-method is-config="true" signature="setUp(java.lang.reflect.Method)[pri:0, instance:RegisterFunctionality.TC_RF_017@5b218417]" started-at="2025-04-02T15:11:37Z" name="setUp" finished-at="2025-04-02T15:11:45Z" duration-ms="7657" status="PASS">
          <params>
            <param index="0">
              <value>
                <![CDATA[public void RegisterFunctionality.TC_RF_017.VerifyWhetherThePasswordFieldsInTheRegisterAccountPageAreFollowingPasswordComplexityStandards(java.lang.String)]]>
              </value>
            </param>
          </params>
          <reporter-output>
          </reporter-output>
        </test-method> <!-- setUp -->
        <test-method signature="VerifyWhetherThePasswordFieldsInTheRegisterAccountPageAreFollowingPasswordComplexityStandards(java.lang.String)[pri:0, instance:RegisterFunctionality.TC_RF_017@5b218417]" started-at="2025-04-02T15:11:45Z" name="VerifyWhetherThePasswordFieldsInTheRegisterAccountPageAreFollowingPasswordComplexityStandards" data-provider="MultiplePasswords" finished-at="2025-04-02T15:11:48Z" duration-ms="3056" status="FAIL">
          <params>
            <param index="0">
              <value>
                <![CDATA[OAJOOJ&]]>
              </value>
            </param>
          </params>
          <exception class="org.openqa.selenium.InvalidSelectorException">
            <message>
              <![CDATA[invalid selector: Unable to locate an element with the xpath expression //input[@id='input-password]/following-sibling::div because of the following error:
SyntaxError: Failed to execute 'evaluate' on 'Document': The string '//input[@id='input-password]/following-sibling::div' is not a valid XPath expression.
  (Session info: MicrosoftEdge=134.0.3124.93)
For documentation on this error, please visit: https://selenium.dev/exceptions/#invalid_selector_exception
Build info: version: '4.0.0-alpha-7', revision: 'de8579b6d5'
System info: host: 'TVMATP567799L', ip: '192.168.48.252', os.name: 'Windows 11', os.arch: 'amd64', os.version: '10.0', java.version: '17.0.2'
Driver info: org.openqa.selenium.edge.EdgeDriver
Capabilities {acceptInsecureCerts: false, browserName: MicrosoftEdge, browserVersion: 134.0.3124.93, fedcm:accounts: true, javascriptEnabled: true, ms:edgeOptions: {debuggerAddress: localhost:55927}, msedge: {msedgedriverVersion: 134.0.3124.85 (4b32110e83d3..., userDataDir: C:\Users\mukesh.ganivada\Ap...}, networkConnectionEnabled: false, pageLoadStrategy: normal, platform: WINDOWS, platformName: WINDOWS, proxy: Proxy(), setWindowRect: true, strictFileInteractability: false, timeouts: {implicit: 0, pageLoad: 300000, script: 30000}, unhandledPromptBehavior: dismiss and notify, webauthn:extension:credBlob: true, webauthn:extension:largeBlob: true, webauthn:extension:minPinLength: true, webauthn:extension:prf: true, webauthn:virtualAuthenticators: true}
Session ID: 4652de22789dcb228b161394232fb4cd
*** Element info: {Using=xpath, value=//input[@id='input-password]/following-sibling::div}]]>
            </message>
            <full-stacktrace>
              <![CDATA[org.openqa.selenium.InvalidSelectorException: invalid selector: Unable to locate an element with the xpath expression //input[@id='input-password]/following-sibling::div because of the following error:
SyntaxError: Failed to execute 'evaluate' on 'Document': The string '//input[@id='input-password]/following-sibling::div' is not a valid XPath expression.
  (Session info: MicrosoftEdge=134.0.3124.93)
For documentation on this error, please visit: https://selenium.dev/exceptions/#invalid_selector_exception
Build info: version: '4.0.0-alpha-7', revision: 'de8579b6d5'
System info: host: 'TVMATP567799L', ip: '192.168.48.252', os.name: 'Windows 11', os.arch: 'amd64', os.version: '10.0', java.version: '17.0.2'
Driver info: org.openqa.selenium.edge.EdgeDriver
Capabilities {acceptInsecureCerts: false, browserName: MicrosoftEdge, browserVersion: 134.0.3124.93, fedcm:accounts: true, javascriptEnabled: true, ms:edgeOptions: {debuggerAddress: localhost:55927}, msedge: {msedgedriverVersion: 134.0.3124.85 (4b32110e83d3..., userDataDir: C:\Users\mukesh.ganivada\Ap...}, networkConnectionEnabled: false, pageLoadStrategy: normal, platform: WINDOWS, platformName: WINDOWS, proxy: Proxy(), setWindowRect: true, strictFileInteractability: false, timeouts: {implicit: 0, pageLoad: 300000, script: 30000}, unhandledPromptBehavior: dismiss and notify, webauthn:extension:credBlob: true, webauthn:extension:largeBlob: true, webauthn:extension:minPinLength: true, webauthn:extension:prf: true, webauthn:virtualAuthenticators: true}
Session ID: 4652de22789dcb228b161394232fb4cd
*** Element info: {Using=xpath, value=//input[@id='input-password]/following-sibling::div}
	at java.base/jdk.internal.reflect.NativeConstructorAccessorImpl.newInstance0(Native Method)
	at java.base/jdk.internal.reflect.NativeConstructorAccessorImpl.newInstance(NativeConstructorAccessorImpl.java:77)
	at java.base/jdk.internal.reflect.DelegatingConstructorAccessorImpl.newInstance(DelegatingConstructorAccessorImpl.java:45)
	at java.base/java.lang.reflect.Constructor.newInstanceWithCaller(Constructor.java:499)
	at java.base/java.lang.reflect.Constructor.newInstance(Constructor.java:480)
	at org.openqa.selenium.remote.codec.w3c.W3CHttpResponseCodec.createException(W3CHttpResponseCodec.java:196)
	at org.openqa.selenium.remote.codec.w3c.W3CHttpResponseCodec.decode(W3CHttpResponseCodec.java:129)
	at org.openqa.selenium.remote.codec.w3c.W3CHttpResponseCodec.decode(W3CHttpResponseCodec.java:53)
	at org.openqa.selenium.remote.HttpCommandExecutor.execute(HttpCommandExecutor.java:167)
	at org.openqa.selenium.remote.service.DriverCommandExecutor.execute(DriverCommandExecutor.java:123)
	at org.openqa.selenium.remote.RemoteWebDriver.execute(RemoteWebDriver.java:501)
	at org.openqa.selenium.remote.RemoteWebDriver.findElement(RemoteWebDriver.java:332)
	at org.openqa.selenium.By$ByXPath.findElement(By.java:379)
	at org.openqa.selenium.remote.RemoteWebDriver.findElement(RemoteWebDriver.java:312)
	at RegisterFunctionality.TC_RF_017.VerifyWhetherThePasswordFieldsInTheRegisterAccountPageAreFollowingPasswordComplexityStandards(TC_RF_017.java:34)
	at java.base/jdk.internal.reflect.NativeMethodAccessorImpl.invoke0(Native Method)
	at java.base/jdk.internal.reflect.NativeMethodAccessorImpl.invoke(NativeMethodAccessorImpl.java:77)
	at java.base/jdk.internal.reflect.DelegatingMethodAccessorImpl.invoke(DelegatingMethodAccessorImpl.java:43)
	at java.base/java.lang.reflect.Method.invoke(Method.java:568)
	at org.testng.internal.MethodInvocationHelper.invokeMethod(MethodInvocationHelper.java:86)
	at org.testng.internal.Invoker.invokeMethod(Invoker.java:643)
	at org.testng.internal.Invoker.invokeTestMethod(Invoker.java:820)
	at org.testng.internal.Invoker.invokeTestMethods(Invoker.java:1128)
	at org.testng.internal.TestMethodWorker.invokeTestMethods(TestMethodWorker.java:129)
	at org.testng.internal.TestMethodWorker.run(TestMethodWorker.java:112)
	at org.testng.TestRunner.privateRun(TestRunner.java:782)
	at org.testng.TestRunner.run(TestRunner.java:632)
	at org.testng.SuiteRunner.runTest(SuiteRunner.java:366)
	at org.testng.SuiteRunner.runSequentially(SuiteRunner.java:361)
	at org.testng.SuiteRunner.privateRun(SuiteRunner.java:319)
	at org.testng.SuiteRunner.run(SuiteRunner.java:268)
	at org.testng.SuiteRunnerWorker.runSuite(SuiteRunnerWorker.java:52)
	at org.testng.SuiteRunnerWorker.run(SuiteRunnerWorker.java:86)
	at org.testng.TestNG.runSuitesSequentially(TestNG.java:1244)
	at org.testng.TestNG.runSuitesLocally(TestNG.java:1169)
	at org.testng.TestNG.run(TestNG.java:1064)
	at org.testng.remote.AbstractRemoteTestNG.run(AbstractRemoteTestNG.java:132)
	at org.testng.remote.RemoteTestNG.initAndRun(RemoteTestNG.java:230)
	at org.testng.remote.RemoteTestNG.main(RemoteTestNG.java:76)
]]>
            </full-stacktrace>
          </exception> <!-- org.openqa.selenium.InvalidSelectorException -->
          <reporter-output>
          </reporter-output>
        </test-method> <!-- VerifyWhetherThePasswordFieldsInTheRegisterAccountPageAreFollowingPasswordComplexityStandards -->
        <test-method is-config="true" signature="teardown()[pri:0, instance:RegisterFunctionality.TC_RF_017@5b218417]" started-at="2025-04-02T15:11:48Z" name="teardown" finished-at="2025-04-02T15:11:48Z" duration-ms="569" status="PASS">
          <reporter-output>
          </reporter-output>
        </test-method> <!-- teardown -->
      </class> <!-- RegisterFunctionality.TC_RF_017 -->
      <class name="RegisterFunctionality.TC_RF_006">
        <test-method is-config="true" signature="setUp(java.lang.reflect.Method)[pri:0, instance:RegisterFunctionality.TC_RF_006@72035809]" started-at="2025-04-02T15:06:59Z" name="setUp" finished-at="2025-04-02T15:07:18Z" duration-ms="18322" status="PASS">
          <params>
            <param index="0">
              <value>
                <![CDATA[public void RegisterFunctionality.TC_RF_006.ValidateRegisteringAnAccountWhenNoOptionIsSelected()]]>
              </value>
            </param>
          </params>
          <reporter-output>
          </reporter-output>
        </test-method> <!-- setUp -->
        <test-method signature="ValidateRegisteringAnAccountWhenNoOptionIsSelected()[pri:0, instance:RegisterFunctionality.TC_RF_006@72035809]" started-at="2025-04-02T15:07:18Z" name="ValidateRegisteringAnAccountWhenNoOptionIsSelected" finished-at="2025-04-02T15:07:24Z" duration-ms="6240" status="PASS">
          <reporter-output>
          </reporter-output>
        </test-method> <!-- ValidateRegisteringAnAccountWhenNoOptionIsSelected -->
        <test-method is-config="true" signature="teardown()[pri:0, instance:RegisterFunctionality.TC_RF_006@72035809]" started-at="2025-04-02T15:07:24Z" name="teardown" finished-at="2025-04-02T15:07:24Z" duration-ms="443" status="PASS">
          <reporter-output>
          </reporter-output>
        </test-method> <!-- teardown -->
      </class> <!-- RegisterFunctionality.TC_RF_006 -->
      <class name="RegisterFunctionality.TC_RF_005">
        <test-method is-config="true" signature="setUp(java.lang.reflect.Method)[pri:0, instance:RegisterFunctionality.TC_RF_005@5afa3c9]" started-at="2025-04-02T15:06:41Z" name="setUp" finished-at="2025-04-02T15:06:52Z" duration-ms="11223" status="PASS">
          <params>
            <param index="0">
              <value>
                <![CDATA[public void RegisterFunctionality.TC_RF_005.ValidateRegisteringAnAccountWhenYesOptionIsSelected()]]>
              </value>
            </param>
          </params>
          <reporter-output>
          </reporter-output>
        </test-method> <!-- setUp -->
        <test-method signature="ValidateRegisteringAnAccountWhenYesOptionIsSelected()[pri:0, instance:RegisterFunctionality.TC_RF_005@5afa3c9]" started-at="2025-04-02T15:06:52Z" name="ValidateRegisteringAnAccountWhenYesOptionIsSelected" finished-at="2025-04-02T15:06:59Z" duration-ms="6646" status="PASS">
          <reporter-output>
          </reporter-output>
        </test-method> <!-- ValidateRegisteringAnAccountWhenYesOptionIsSelected -->
        <test-method is-config="true" signature="teardown()[pri:0, instance:RegisterFunctionality.TC_RF_005@5afa3c9]" started-at="2025-04-02T15:06:59Z" name="teardown" finished-at="2025-04-02T15:06:59Z" duration-ms="618" status="PASS">
          <reporter-output>
          </reporter-output>
        </test-method> <!-- teardown -->
      </class> <!-- RegisterFunctionality.TC_RF_005 -->
      <class name="RegisterFunctionality.TC_RF_016">
        <test-method is-config="true" signature="setUp(java.lang.reflect.Method)[pri:0, instance:RegisterFunctionality.TC_RF_016@cc43f62]" started-at="2025-04-02T15:10:32Z" name="setUp" finished-at="2025-04-02T15:10:45Z" duration-ms="13700" status="PASS">
          <params>
            <param index="0">
              <value>
                <![CDATA[public void RegisterFunctionality.TC_RF_016.VerifyWhetherTheMandatoryFieldsInTheRegisterAccountPageAreNotAcceptingOnlySpaces()]]>
              </value>
            </param>
          </params>
          <reporter-output>
          </reporter-output>
        </test-method> <!-- setUp -->
        <test-method signature="VerifyWhetherTheMandatoryFieldsInTheRegisterAccountPageAreNotAcceptingOnlySpaces()[pri:0, instance:RegisterFunctionality.TC_RF_016@cc43f62]" started-at="2025-04-02T15:10:45Z" name="VerifyWhetherTheMandatoryFieldsInTheRegisterAccountPageAreNotAcceptingOnlySpaces" finished-at="2025-04-02T15:10:48Z" duration-ms="2701" status="PASS">
          <reporter-output>
          </reporter-output>
        </test-method> <!-- VerifyWhetherTheMandatoryFieldsInTheRegisterAccountPageAreNotAcceptingOnlySpaces -->
        <test-method is-config="true" signature="teardown()[pri:0, instance:RegisterFunctionality.TC_RF_016@cc43f62]" started-at="2025-04-02T15:10:48Z" name="teardown" finished-at="2025-04-02T15:10:49Z" duration-ms="790" status="PASS">
          <reporter-output>
          </reporter-output>
        </test-method> <!-- teardown -->
      </class> <!-- RegisterFunctionality.TC_RF_016 -->
      <class name="RegisterFunctionality.TC_RF_009">
        <test-method is-config="true" signature="setUp(java.lang.reflect.Method)[pri:0, instance:RegisterFunctionality.TC_RF_009@606e4010]" started-at="2025-04-02T15:08:11Z" name="setUp" finished-at="2025-04-02T15:08:19Z" duration-ms="8794" status="PASS">
          <params>
            <param index="0">
              <value>
                <![CDATA[public void RegisterFunctionality.TC_RF_009.ValidateRegisteringAnAccountByProvidingTheExistingEmail()]]>
              </value>
            </param>
          </params>
          <reporter-output>
          </reporter-output>
        </test-method> <!-- setUp -->
        <test-method signature="ValidateRegisteringAnAccountByProvidingTheExistingEmail()[pri:0, instance:RegisterFunctionality.TC_RF_009@606e4010]" started-at="2025-04-02T15:08:19Z" name="ValidateRegisteringAnAccountByProvidingTheExistingEmail" finished-at="2025-04-02T15:08:22Z" duration-ms="2605" status="PASS">
          <reporter-output>
          </reporter-output>
        </test-method> <!-- ValidateRegisteringAnAccountByProvidingTheExistingEmail -->
        <test-method is-config="true" signature="teardown()[pri:0, instance:RegisterFunctionality.TC_RF_009@606e4010]" started-at="2025-04-02T15:08:22Z" name="teardown" finished-at="2025-04-02T15:08:22Z" duration-ms="435" status="PASS">
          <reporter-output>
          </reporter-output>
        </test-method> <!-- teardown -->
      </class> <!-- RegisterFunctionality.TC_RF_009 -->
      <class name="RegisterFunctionality.TC_RF_011">
        <test-method is-config="true" signature="setUp(java.lang.reflect.Method)[pri:0, instance:RegisterFunctionality.TC_RF_011@48075da3]" started-at="2025-04-02T15:08:59Z" name="setUp" finished-at="2025-04-02T15:09:17Z" duration-ms="17952" status="PASS">
          <params>
            <param index="0">
              <value>
                <![CDATA[public void RegisterFunctionality.TC_RF_011.RegisteringAnAccountByProvidingInvalidPhoneNumber()]]>
              </value>
            </param>
          </params>
          <reporter-output>
          </reporter-output>
        </test-method> <!-- setUp -->
        <test-method signature="RegisteringAnAccountByProvidingInvalidPhoneNumber()[pri:0, instance:RegisterFunctionality.TC_RF_011@48075da3]" started-at="2025-04-02T15:09:17Z" name="RegisteringAnAccountByProvidingInvalidPhoneNumber" finished-at="2025-04-02T15:09:31Z" duration-ms="13876" status="FAIL">
          <exception class="org.openqa.selenium.NoSuchElementException">
            <message>
              <![CDATA[no such element: Unable to locate element: {"method":"xpath","selector":"//input[@id='input-telephone']/following-sibling::div"}
  (Session info: MicrosoftEdge=134.0.3124.93)
For documentation on this error, please visit: https://selenium.dev/exceptions/#no_such_element
Build info: version: '4.0.0-alpha-7', revision: 'de8579b6d5'
System info: host: 'TVMATP567799L', ip: '192.168.48.252', os.name: 'Windows 11', os.arch: 'amd64', os.version: '10.0', java.version: '17.0.2'
Driver info: org.openqa.selenium.edge.EdgeDriver
Capabilities {acceptInsecureCerts: false, browserName: MicrosoftEdge, browserVersion: 134.0.3124.93, fedcm:accounts: true, javascriptEnabled: true, ms:edgeOptions: {debuggerAddress: localhost:54843}, msedge: {msedgedriverVersion: 134.0.3124.85 (4b32110e83d3..., userDataDir: C:\Users\mukesh.ganivada\Ap...}, networkConnectionEnabled: false, pageLoadStrategy: normal, platform: WINDOWS, platformName: WINDOWS, proxy: Proxy(), setWindowRect: true, strictFileInteractability: false, timeouts: {implicit: 0, pageLoad: 300000, script: 30000}, unhandledPromptBehavior: dismiss and notify, webauthn:extension:credBlob: true, webauthn:extension:largeBlob: true, webauthn:extension:minPinLength: true, webauthn:extension:prf: true, webauthn:virtualAuthenticators: true}
Session ID: 21a8ac5313d308f9f9d7cfd149d62c42
*** Element info: {Using=xpath, value=//input[@id='input-telephone']/following-sibling::div}]]>
            </message>
            <full-stacktrace>
              <![CDATA[org.openqa.selenium.NoSuchElementException: no such element: Unable to locate element: {"method":"xpath","selector":"//input[@id='input-telephone']/following-sibling::div"}
  (Session info: MicrosoftEdge=134.0.3124.93)
For documentation on this error, please visit: https://selenium.dev/exceptions/#no_such_element
Build info: version: '4.0.0-alpha-7', revision: 'de8579b6d5'
System info: host: 'TVMATP567799L', ip: '192.168.48.252', os.name: 'Windows 11', os.arch: 'amd64', os.version: '10.0', java.version: '17.0.2'
Driver info: org.openqa.selenium.edge.EdgeDriver
Capabilities {acceptInsecureCerts: false, browserName: MicrosoftEdge, browserVersion: 134.0.3124.93, fedcm:accounts: true, javascriptEnabled: true, ms:edgeOptions: {debuggerAddress: localhost:54843}, msedge: {msedgedriverVersion: 134.0.3124.85 (4b32110e83d3..., userDataDir: C:\Users\mukesh.ganivada\Ap...}, networkConnectionEnabled: false, pageLoadStrategy: normal, platform: WINDOWS, platformName: WINDOWS, proxy: Proxy(), setWindowRect: true, strictFileInteractability: false, timeouts: {implicit: 0, pageLoad: 300000, script: 30000}, unhandledPromptBehavior: dismiss and notify, webauthn:extension:credBlob: true, webauthn:extension:largeBlob: true, webauthn:extension:minPinLength: true, webauthn:extension:prf: true, webauthn:virtualAuthenticators: true}
Session ID: 21a8ac5313d308f9f9d7cfd149d62c42
*** Element info: {Using=xpath, value=//input[@id='input-telephone']/following-sibling::div}
	at java.base/jdk.internal.reflect.NativeConstructorAccessorImpl.newInstance0(Native Method)
	at java.base/jdk.internal.reflect.NativeConstructorAccessorImpl.newInstance(NativeConstructorAccessorImpl.java:77)
	at java.base/jdk.internal.reflect.DelegatingConstructorAccessorImpl.newInstance(DelegatingConstructorAccessorImpl.java:45)
	at java.base/java.lang.reflect.Constructor.newInstanceWithCaller(Constructor.java:499)
	at java.base/java.lang.reflect.Constructor.newInstance(Constructor.java:480)
	at org.openqa.selenium.remote.codec.w3c.W3CHttpResponseCodec.createException(W3CHttpResponseCodec.java:196)
	at org.openqa.selenium.remote.codec.w3c.W3CHttpResponseCodec.decode(W3CHttpResponseCodec.java:129)
	at org.openqa.selenium.remote.codec.w3c.W3CHttpResponseCodec.decode(W3CHttpResponseCodec.java:53)
	at org.openqa.selenium.remote.HttpCommandExecutor.execute(HttpCommandExecutor.java:167)
	at org.openqa.selenium.remote.service.DriverCommandExecutor.execute(DriverCommandExecutor.java:123)
	at org.openqa.selenium.remote.RemoteWebDriver.execute(RemoteWebDriver.java:501)
	at org.openqa.selenium.remote.RemoteWebDriver.findElement(RemoteWebDriver.java:332)
	at org.openqa.selenium.By$ByXPath.findElement(By.java:379)
	at org.openqa.selenium.remote.RemoteWebDriver.findElement(RemoteWebDriver.java:312)
	at RegisterFunctionality.TC_RF_011.RegisteringAnAccountByProvidingInvalidPhoneNumber(TC_RF_011.java:40)
	at java.base/jdk.internal.reflect.NativeMethodAccessorImpl.invoke0(Native Method)
	at java.base/jdk.internal.reflect.NativeMethodAccessorImpl.invoke(NativeMethodAccessorImpl.java:77)
	at java.base/jdk.internal.reflect.DelegatingMethodAccessorImpl.invoke(DelegatingMethodAccessorImpl.java:43)
	at java.base/java.lang.reflect.Method.invoke(Method.java:568)
	at org.testng.internal.MethodInvocationHelper.invokeMethod(MethodInvocationHelper.java:86)
	at org.testng.internal.Invoker.invokeMethod(Invoker.java:643)
	at org.testng.internal.Invoker.invokeTestMethod(Invoker.java:820)
	at org.testng.internal.Invoker.invokeTestMethods(Invoker.java:1128)
	at org.testng.internal.TestMethodWorker.invokeTestMethods(TestMethodWorker.java:129)
	at org.testng.internal.TestMethodWorker.run(TestMethodWorker.java:112)
	at org.testng.TestRunner.privateRun(TestRunner.java:782)
	at org.testng.TestRunner.run(TestRunner.java:632)
	at org.testng.SuiteRunner.runTest(SuiteRunner.java:366)
	at org.testng.SuiteRunner.runSequentially(SuiteRunner.java:361)
	at org.testng.SuiteRunner.privateRun(SuiteRunner.java:319)
	at org.testng.SuiteRunner.run(SuiteRunner.java:268)
	at org.testng.SuiteRunnerWorker.runSuite(SuiteRunnerWorker.java:52)
	at org.testng.SuiteRunnerWorker.run(SuiteRunnerWorker.java:86)
	at org.testng.TestNG.runSuitesSequentially(TestNG.java:1244)
	at org.testng.TestNG.runSuitesLocally(TestNG.java:1169)
	at org.testng.TestNG.run(TestNG.java:1064)
	at org.testng.remote.AbstractRemoteTestNG.run(AbstractRemoteTestNG.java:132)
	at org.testng.remote.RemoteTestNG.initAndRun(RemoteTestNG.java:230)
	at org.testng.remote.RemoteTestNG.main(RemoteTestNG.java:76)
]]>
            </full-stacktrace>
          </exception> <!-- org.openqa.selenium.NoSuchElementException -->
          <reporter-output>
          </reporter-output>
        </test-method> <!-- RegisteringAnAccountByProvidingInvalidPhoneNumber -->
        <test-method is-config="true" signature="teardown()[pri:0, instance:RegisterFunctionality.TC_RF_011@48075da3]" started-at="2025-04-02T15:09:31Z" name="teardown" finished-at="2025-04-02T15:09:32Z" duration-ms="630" status="PASS">
          <reporter-output>
          </reporter-output>
        </test-method> <!-- teardown -->
      </class> <!-- RegisterFunctionality.TC_RF_011 -->
      <class name="RegisterFunctionality.TC_RF_010">
        <test-method is-config="true" signature="setUp(java.lang.reflect.Method)[pri:0, instance:RegisterFunctionality.TC_RF_010@8458f04]" started-at="2025-04-02T15:08:22Z" name="setUp" finished-at="2025-04-02T15:08:29Z" duration-ms="6174" status="PASS">
          <params>
            <param index="0">
              <value>
                <![CDATA[public void RegisterFunctionality.TC_RF_010.ValidateRegisteringByProvidingInvalidEmailAddress() throws java.io.IOException,java.lang.Throwable]]>
              </value>
            </param>
          </params>
          <reporter-output>
          </reporter-output>
        </test-method> <!-- setUp -->
        <test-method signature="ValidateRegisteringByProvidingInvalidEmailAddress()[pri:0, instance:RegisterFunctionality.TC_RF_010@8458f04]" started-at="2025-04-02T15:08:29Z" name="ValidateRegisteringByProvidingInvalidEmailAddress" finished-at="2025-04-02T15:08:59Z" duration-ms="29949" status="FAIL">
          <exception class="java.lang.AssertionError">
            <message>
              <![CDATA[The following asserts failed:
	expected [false] but found [true]]]>
            </message>
            <full-stacktrace>
              <![CDATA[java.lang.AssertionError: The following asserts failed:
	expected [false] but found [true]
	at org.testng.asserts.SoftAssert.assertAll(SoftAssert.java:43)
	at RegisterFunctionality.TC_RF_010.ValidateRegisteringByProvidingInvalidEmailAddress(TC_RF_010.java:74)
	at java.base/jdk.internal.reflect.NativeMethodAccessorImpl.invoke0(Native Method)
	at java.base/jdk.internal.reflect.NativeMethodAccessorImpl.invoke(NativeMethodAccessorImpl.java:77)
	at java.base/jdk.internal.reflect.DelegatingMethodAccessorImpl.invoke(DelegatingMethodAccessorImpl.java:43)
	at java.base/java.lang.reflect.Method.invoke(Method.java:568)
	at org.testng.internal.MethodInvocationHelper.invokeMethod(MethodInvocationHelper.java:86)
	at org.testng.internal.Invoker.invokeMethod(Invoker.java:643)
	at org.testng.internal.Invoker.invokeTestMethod(Invoker.java:820)
	at org.testng.internal.Invoker.invokeTestMethods(Invoker.java:1128)
	at org.testng.internal.TestMethodWorker.invokeTestMethods(TestMethodWorker.java:129)
	at org.testng.internal.TestMethodWorker.run(TestMethodWorker.java:112)
	at org.testng.TestRunner.privateRun(TestRunner.java:782)
	at org.testng.TestRunner.run(TestRunner.java:632)
	at org.testng.SuiteRunner.runTest(SuiteRunner.java:366)
	at org.testng.SuiteRunner.runSequentially(SuiteRunner.java:361)
	at org.testng.SuiteRunner.privateRun(SuiteRunner.java:319)
	at org.testng.SuiteRunner.run(SuiteRunner.java:268)
	at org.testng.SuiteRunnerWorker.runSuite(SuiteRunnerWorker.java:52)
	at org.testng.SuiteRunnerWorker.run(SuiteRunnerWorker.java:86)
	at org.testng.TestNG.runSuitesSequentially(TestNG.java:1244)
	at org.testng.TestNG.runSuitesLocally(TestNG.java:1169)
	at org.testng.TestNG.run(TestNG.java:1064)
	at org.testng.remote.AbstractRemoteTestNG.run(AbstractRemoteTestNG.java:132)
	at org.testng.remote.RemoteTestNG.initAndRun(RemoteTestNG.java:230)
	at org.testng.remote.RemoteTestNG.main(RemoteTestNG.java:76)
]]>
            </full-stacktrace>
          </exception> <!-- java.lang.AssertionError -->
          <reporter-output>
          </reporter-output>
        </test-method> <!-- ValidateRegisteringByProvidingInvalidEmailAddress -->
        <test-method is-config="true" signature="teardown()[pri:0, instance:RegisterFunctionality.TC_RF_010@8458f04]" started-at="2025-04-02T15:08:59Z" name="teardown" finished-at="2025-04-02T15:08:59Z" duration-ms="640" status="PASS">
          <reporter-output>
          </reporter-output>
        </test-method> <!-- teardown -->
      </class> <!-- RegisterFunctionality.TC_RF_010 -->
    </test> <!-- Test -->
  </suite> <!-- Suite -->
</testng-results>
