<?xml version="1.0" encoding="UTF-8"?>
<testng-results total="1" passed="0" failed="1" skipped="0">
  <reporter-output>
  </reporter-output>
  <suite started-at="2025-03-27T10:11:53Z" name="Default suite" finished-at="2025-03-27T10:12:28Z" duration-ms="35560">
    <groups>
    </groups>
    <test started-at="2025-03-27T10:11:53Z" name="Default test" finished-at="2025-03-27T10:12:28Z" duration-ms="35560">
      <class name="RegisterFunctionality.TC_RF_010">
        <test-method is-config="true" signature="setUp(java.lang.reflect.Method)[pri:0, instance:RegisterFunctionality.TC_RF_010@54c5a2ff]" started-at="2025-03-27T15:41:53Z" name="setUp" finished-at="2025-03-27T15:41:59Z" duration-ms="6232" status="PASS">
          <params>
            <param index="0">
              <value>
                <![CDATA[public void RegisterFunctionality.TC_RF_010.ValidateRegisteringByProvidingInvalidEmailAddress() throws java.io.IOException,java.lang.Throwable]]>
              </value>
            </param>
          </params>
          <reporter-output>
          </reporter-output>
        </test-method> <!-- setUp -->
        <test-method signature="ValidateRegisteringByProvidingInvalidEmailAddress()[pri:0, instance:RegisterFunctionality.TC_RF_010@54c5a2ff]" started-at="2025-03-27T15:41:59Z" name="ValidateRegisteringByProvidingInvalidEmailAddress" finished-at="2025-03-27T15:42:28Z" duration-ms="29037" status="FAIL">
          <exception class="java.lang.AssertionError">
            <message>
              <![CDATA[The following asserts failed:
	expected [false] but found [true]]]>
            </message>
            <full-stacktrace>
              <![CDATA[java.lang.AssertionError: The following asserts failed:
	expected [false] but found [true]
	at org.testng.asserts.SoftAssert.assertAll(SoftAssert.java:43)
	at RegisterFunctionality.TC_RF_010.ValidateRegisteringByProvidingInvalidEmailAddress(TC_RF_010.java:74)
	at java.base/jdk.internal.reflect.NativeMethodAccessorImpl.invoke0(Native Method)
	at java.base/jdk.internal.reflect.NativeMethodAccessorImpl.invoke(NativeMethodAccessorImpl.java:77)
	at java.base/jdk.internal.reflect.DelegatingMethodAccessorImpl.invoke(DelegatingMethodAccessorImpl.java:43)
	at java.base/java.lang.reflect.Method.invoke(Method.java:568)
	at org.testng.internal.MethodInvocationHelper.invokeMethod(MethodInvocationHelper.java:86)
	at org.testng.internal.Invoker.invokeMethod(Invoker.java:643)
	at org.testng.internal.Invoker.invokeTestMethod(Invoker.java:820)
	at org.testng.internal.Invoker.invokeTestMethods(Invoker.java:1128)
	at org.testng.internal.TestMethodWorker.invokeTestMethods(TestMethodWorker.java:129)
	at org.testng.internal.TestMethodWorker.run(TestMethodWorker.java:112)
	at org.testng.TestRunner.privateRun(TestRunner.java:782)
	at org.testng.TestRunner.run(TestRunner.java:632)
	at org.testng.SuiteRunner.runTest(SuiteRunner.java:366)
	at org.testng.SuiteRunner.runSequentially(SuiteRunner.java:361)
	at org.testng.SuiteRunner.privateRun(SuiteRunner.java:319)
	at org.testng.SuiteRunner.run(SuiteRunner.java:268)
	at org.testng.SuiteRunnerWorker.runSuite(SuiteRunnerWorker.java:52)
	at org.testng.SuiteRunnerWorker.run(SuiteRunnerWorker.java:86)
	at org.testng.TestNG.runSuitesSequentially(TestNG.java:1244)
	at org.testng.TestNG.runSuitesLocally(TestNG.java:1169)
	at org.testng.TestNG.run(TestNG.java:1064)
	at org.testng.remote.AbstractRemoteTestNG.run(AbstractRemoteTestNG.java:132)
	at org.testng.remote.RemoteTestNG.initAndRun(RemoteTestNG.java:230)
	at org.testng.remote.RemoteTestNG.main(RemoteTestNG.java:76)
]]>
            </full-stacktrace>
          </exception> <!-- java.lang.AssertionError -->
          <reporter-output>
          </reporter-output>
        </test-method> <!-- ValidateRegisteringByProvidingInvalidEmailAddress -->
        <test-method is-config="true" signature="teardown()[pri:0, instance:RegisterFunctionality.TC_RF_010@54c5a2ff]" started-at="2025-03-27T15:42:28Z" name="teardown" finished-at="2025-03-27T15:42:28Z" duration-ms="279" status="PASS">
          <reporter-output>
          </reporter-output>
        </test-method> <!-- teardown -->
      </class> <!-- RegisterFunctionality.TC_RF_010 -->
    </test> <!-- Default test -->
  </suite> <!-- Default suite -->
</testng-results>
